Calibration
Hold Pose A and PRESS any end switch...
Pose A saved.
Release detected. Rotate arm now...
Hold Pose B and PRESS any end switch...
Pose B saved.
Angle A->B (rad): 1.516248
Setup completed.
Homing to sw1...
Measuring travel to sw2...
rangeSteps(hit-to-hit) = 1988
motorPosSteps after backoff = -4
Homing completed.
pos:93	posRaw:93	motorPos:-3	target:1762	
pos:94	posRaw:93	motorPos:3	target:1780	
pos:93	posRaw:94	motorPos:10	target:1762	
pos:93	posRaw:94	motorPos:20	target:1762	
pos:94	posRaw:91	motorPos:29	target:1780	
pos:94	posRaw:93	motorPos:38	target:1780	
pos:93	posRaw:96	motorPos:48	target:1762	
pos:95	posRaw:96	motorPos:57	target:1798	
pos:95	posRaw:93	motorPos:70	target:1798	
pos:95	posRaw:97	motorPos:88	target:1798	
pos:94	posRaw:97	motorPos:106	target:1780	
pos:94	posRaw:94	motorPos:124	target:1780	
pos:95	posRaw:96	motorPos:143	target:1798	
pos:94	posRaw:94	motorPos:162	target:1780	
pos:96	posRaw:99	motorPos:181	target:1816	
pos:95	posRaw:95	motorPos:200	target:1798	
pos:95	posRaw:95	motorPos:219	target:1798	
pos:96	posRaw:98	motorPos:238	target:1816	
pos:96	posRaw:96	motorPos:257	target:1816	
pos:96	posRaw:94	motorPos:275	target:1816	
pos:96	posRaw:96	motorPos:294	target:1816	
pos:96	posRaw:95	motorPos:313	target:1816	
pos:97	posRaw:97	motorPos:332	target:1834	
pos:97	posRaw:96	motorPos:350	target:1834	
pos:96	posRaw:97	motorPos:368	target:1816	
pos:97	posRaw:97	motorPos:387	target:1834	
pos:97	posRaw:93	motorPos:406	target:1834	
pos:97	posRaw:96	motorPos:424	target:1834	
pos:97	posRaw:96	motorPos:442	target:1834	
pos:97	posRaw:97	motorPos:461	target:1834	
pos:97	posRaw:96	motorPos:480	target:1834	
pos:97	posRaw:98	motorPos:499	target:1834	
pos:97	posRaw:98	motorPos:517	target:1834	
pos:97	posRaw:97	motorPos:536	target:1834	
pos:97	posRaw:97	motorPos:555	target:1834	
pos:97	posRaw:99	motorPos:574	target:1834	
pos:97	posRaw:97	motorPos:592	target:1834	
pos:97	posRaw:97	motorPos:610	target:1834	
pos:97	posRaw:96	motorPos:629	target:1834	
pos:96	posRaw:100	motorPos:648	target:1816	
pos:97	posRaw:97	motorPos:667	target:1834	
pos:97	posRaw:98	motorPos:685	target:1834	
pos:97	posRaw:100	motorPos:704	target:1834	
pos:97	posRaw:95	motorPos:723	target:1834	
pos:98	posRaw:98	motorPos:742	target:1852	
pos:98	posRaw:97	motorPos:760	target:1852	
pos:97	posRaw:98	motorPos:778	target:1834	
pos:97	posRaw:98	motorPos:797	target:1834	
pos:97	posRaw:96	motorPos:816	target:1834	
pos:97	posRaw:94	motorPos:834	target:1834	
pos:98	posRaw:99	motorPos:852	target:1852	
pos:97	posRaw:98	motorPos:871	target:1834	
pos:97	posRaw:100	motorPos:889	target:1834	
pos:97	posRaw:99	motorPos:908	target:1834	
pos:97	posRaw:96	motorPos:926	target:1834	
pos:98	posRaw:97	motorPos:944	target:1852	
pos:97	posRaw:96	motorPos:963	target:1834	
pos:97	posRaw:95	motorPos:982	target:1834	
pos:96	posRaw:97	motorPos:1001	target:1816	
pos:96	posRaw:92	motorPos:1020	target:1816	
pos:94	posRaw:89	motorPos:1038	target:1780	
pos:92	posRaw:93	motorPos:1057	target:1744	
pos:92	posRaw:91	motorPos:1076	target:1744	
pos:89	posRaw:91	motorPos:1094	target:1691	
pos:88	posRaw:87	motorPos:1112	target:1673	
pos:85	posRaw:84	motorPos:1131	target:1619	
pos:82	posRaw:80	motorPos:1150	target:1566	
pos:78	posRaw:76	motorPos:1168	target:1494	
pos:73	posRaw:72	motorPos:1186	target:1405	
pos:70	posRaw:67	motorPos:1205	target:1351	
pos:67	posRaw:65	motorPos:1224	target:1297	
pos:61	posRaw:61	motorPos:1228	target:1190	
pos:60	posRaw:57	motorPos:1222	target:1172	
pos:53	posRaw:51	motorPos:1215	target:1047	
pos:51	posRaw:50	motorPos:1209	target:1011	
pos:46	posRaw:44	motorPos:1199	target:922	
pos:43	posRaw:44	motorPos:1190	target:868	
pos:41	posRaw:41	motorPos:1181	target:833	
pos:38	posRaw:38	motorPos:1171	target:779	
pos:36	posRaw:33	motorPos:1161	target:743	
pos:32	posRaw:30	motorPos:1148	target:672	
pos:29	posRaw:28	motorPos:1129	target:618	
pos:24	posRaw:21	motorPos:1110	target:529	
pos:22	posRaw:19	motorPos:1091	target:493	
pos:21	posRaw:20	motorPos:1072	target:475	
pos:20	posRaw:19	motorPos:1053	target:457	
pos:17	posRaw:16	motorPos:1034	target:403	
pos:16	posRaw:15	motorPos:1015	target:386	
pos:14	posRaw:16	motorPos:996	target:350	
pos:13	posRaw:16	motorPos:977	target:332	
pos:11	posRaw:11	motorPos:958	target:296	
pos:10	posRaw:10	motorPos:939	target:278	
pos:9	posRaw:5	motorPos:920	target:260	
pos:7	posRaw:6	motorPos:902	target:225	
pos:6	posRaw:4	motorPos:883	target:207	
pos:5	posRaw:3	motorPos:864	target:189	
pos:6	posRaw:6	motorPos:845	target:207	
pos:5	posRaw:4	motorPos:827	target:189	
pos:5	posRaw:5	motorPos:808	target:189	
pos:5	posRaw:9	motorPos:789	target:189	
pos:5	posRaw:3	motorPos:770	target:189	
pos:5	posRaw:7	motorPos:751	target:189	
pos:5	posRaw:3	motorPos:732	target:189	
pos:5	posRaw:1	motorPos:713	target:189	
pos:4	posRaw:7	motorPos:694	target:171	
pos:5	posRaw:4	motorPos:675	target:189	
pos:6	posRaw:7	motorPos:656	target:207	
pos:6	posRaw:8	motorPos:637	target:207	
pos:5	posRaw:3	motorPos:618	target:189	
pos:6	posRaw:7	motorPos:599	target:207	
pos:7	posRaw:6	motorPos:580	target:225	
pos:9	posRaw:10	motorPos:561	target:260	
pos:7	posRaw:3	motorPos:542	target:225	
pos:19	posRaw:20	motorPos:524	target:439	
pos:20	posRaw:23	motorPos:506	target:457	
pos:39	posRaw:46	motorPos:503	target:797	
pos:45	posRaw:50	motorPos:510	target:904	
pos:55	posRaw:63	motorPos:519	target:1083	
pos:67	posRaw:67	motorPos:528	target:1297	
pos:74	posRaw:80	motorPos:537	target:1423	
pos:81	posRaw:80	motorPos:547	target:1548	
pos:82	posRaw:85	motorPos:556	target:1566	
pos:91	posRaw:96	motorPos:566	target:1727	
pos:93	posRaw:95	motorPos:584	target:1762	
pos:97	posRaw:100	motorPos:603	target:1834	
pos:98	posRaw:96	motorPos:622	target:1852	
pos:99	posRaw:98	motorPos:640	target:1870	
pos:99	posRaw:100	motorPos:659	target:1870	
pos:100	posRaw:100	motorPos:678	target:1888	
pos:99	posRaw:100	motorPos:696	target:1870	
pos:100	posRaw:100	motorPos:715	target:1888	
pos:100	posRaw:100	motorPos:733	target:1888	
pos:100	posRaw:100	motorPos:751	target:1888	
pos:100	posRaw:100	motorPos:769	target:1888	
pos:99	posRaw:99	motorPos:787	target:1870	
pos:100	posRaw:100	motorPos:806	target:1888	
pos:100	posRaw:100	motorPos:825	target:1888	
pos:100	posRaw:100	motorPos:843	target:1888	
pos:100	posRaw:100	motorPos:862	target:1888	
pos:100	posRaw:100	motorPos:881	target:1888	
pos:100	posRaw:100	motorPos:899	target:1888	
pos:100	posRaw:100	motorPos:917	target:1888	
pos:100	posRaw:100	motorPos:935	target:1888	
pos:100	posRaw:100	motorPos:954	target:1888	
pos:100	posRaw:100	motorPos:972	target:1888	
pos:100	posRaw:100	motorPos:991	target:1888	
pos:100	posRaw:100	motorPos:1009	target:1888	
pos:100	posRaw:100	motorPos:1027	target:1888	
pos:100	posRaw:100	motorPos:1045	target:1888	
pos:100	posRaw:100	motorPos:1064	target:1888	
pos:100	posRaw:100	motorPos:1082	target:1888	
pos:100	posRaw:100	motorPos:1101	target:1888	
pos:100	posRaw:100	motorPos:1119	target:1888	
pos:100	posRaw:100	motorPos:1138	target:1888	
pos:100	posRaw:100	motorPos:1156	target:1888	
pos:100	posRaw:100	motorPos:1174	target:1888	
pos:100	posRaw:100	motorPos:1192	target:1888	
pos:100	posRaw:99	motorPos:1210	target:1888	
pos:100	posRaw:97	motorPos:1229	target:1888	
pos:100	posRaw:100	motorPos:1247	target:1888	
pos:100	posRaw:100	motorPos:1265	target:1888	
pos:100	posRaw:100	motorPos:1283	target:1888	
pos:100	posRaw:100	motorPos:1302	target:1888	
pos:100	posRaw:100	motorPos:1320	target:1888	
pos:100	posRaw:100	motorPos:1339	target:1888	
pos:100	posRaw:100	motorPos:1357	target:1888	
pos:100	posRaw:100	motorPos:1376	target:1888	
pos:100	posRaw:98	motorPos:1394	target:1888	
pos:100	posRaw:100	motorPos:1413	target:1888	
pos:100	posRaw:100	motorPos:1431	target:1888	
pos:100	posRaw:100	motorPos:1450	target:1888	
pos:100	posRaw:100	motorPos:1469	target:1888	
pos:100	posRaw:100	motorPos:1487	target:1888	
pos:100	posRaw:100	motorPos:1506	target:1888	
pos:100	posRaw:100	motorPos:1524	target:1888	
pos:100	posRaw:99	motorPos:1542	target:1888	
pos:100	posRaw:100	motorPos:1561	target:1888	
pos:100	posRaw:100	motorPos:1580	target:1888	
pos:100	posRaw:100	motorPos:1598	target:1888	
pos:99	posRaw:97	motorPos:1617	target:1870	
pos:96	posRaw:96	motorPos:1635	target:1816	
pos:91	posRaw:89	motorPos:1654	target:1727	
pos:86	posRaw:82	motorPos:1661	target:1637	
pos:78	posRaw:77	motorPos:1655	target:1494	
pos:71	posRaw:70	motorPos:1648	target:1369	
pos:64	posRaw:64	motorPos:1639	target:1244	
pos:55	posRaw:52	motorPos:1630	target:1083	
pos:51	posRaw:48	motorPos:1621	target:1011	
pos:40	posRaw:39	motorPos:1611	target:815	
pos:37	posRaw:32	motorPos:1601	target:761	
pos:26	posRaw:24	motorPos:1590	target:564	
pos:21	posRaw:17	motorPos:1572	target:475	
pos:10	posRaw:6	motorPos:1553	target:278	
pos:10	posRaw:8	motorPos:1534	target:278	
pos:7	posRaw:7	motorPos:1515	target:225	
pos:6	posRaw:1	motorPos:1496	target:207	
pos:5	posRaw:5	motorPos:1477	target:189	
pos:4	posRaw:6	motorPos:1459	target:171	
pos:4	posRaw:4	motorPos:1440	target:171	
pos:4	posRaw:4	motorPos:1421	target:171	
pos:3	posRaw:5	motorPos:1403	target:153	
pos:3	posRaw:5	motorPos:1384	target:153	
pos:2	posRaw:1	motorPos:1365	target:135	
pos:3	posRaw:6	motorPos:1347	target:153	
pos:3	posRaw:3	motorPos:1329	target:153	
pos:3	posRaw:3	motorPos:1310	target:153	
pos:3	posRaw:3	motorPos:1291	target:153	
pos:3	posRaw:3	motorPos:1272	target:153	
pos:4	posRaw:2	motorPos:1253	target:171	
pos:4	posRaw:3	motorPos:1235	target:171	
pos:3	posRaw:5	motorPos:1216	target:153	
pos:3	posRaw:1	motorPos:1197	target:153	
pos:3	posRaw:1	motorPos:1179	target:153	
pos:3	posRaw:7	motorPos:1161	target:153	
pos:4	posRaw:2	motorPos:1142	target:171	
pos:4	posRaw:3	motorPos:1123	target:171	
pos:5	posRaw:4	motorPos:1104	target:189	
pos:4	posRaw:4	motorPos:1085	target:171	
pos:3	posRaw:5	motorPos:1066	target:153	
pos:5	posRaw:5	motorPos:1048	target:189	
pos:3	posRaw:2	motorPos:1029	target:153	
pos:4	posRaw:5	motorPos:1010	target:171	
pos:4	posRaw:6	motorPos:992	target:171	
pos:3	posRaw:3	motorPos:973	target:153	
pos:3	posRaw:4	motorPos:954	target:153	
pos:3	posRaw:3	motorPos:935	target:153	
pos:4	posRaw:0	motorPos:917	target:171	
pos:3	posRaw:4	motorPos:898	target:153	
pos:4	posRaw:4	motorPos:880	target:171	
pos:4	posRaw:4	motorPos:861	target:171	
pos:3	posRaw:2	motorPos:842	target:153	
pos:3	posRaw:5	motorPos:824	target:153	
pos:4	posRaw:7	motorPos:805	target:171	
pos:4	posRaw:2	motorPos:787	target:171	
pos:4	posRaw:5	motorPos:768	target:171	
pos:3	posRaw:1	motorPos:749	target:153	
pos:3	posRaw:3	motorPos:731	target:153	
pos:3	posRaw:4	motorPos:712	target:153	
pos:3	posRaw:6	motorPos:694	target:153	
pos:4	posRaw:2	motorPos:675	target:171	
pos:3	posRaw:1	motorPos:657	target:153	
pos:5	posRaw:3	motorPos:638	target:189	
pos:4	posRaw:3	motorPos:620	target:171	
pos:3	posRaw:4	motorPos:601	target:153	
pos:3	posRaw:2	motorPos:583	target:153	
pos:4	posRaw:4	motorPos:565	target:171	
pos:8	posRaw:9	motorPos:546	target:243	
pos:15	posRaw:20	motorPos:527	target:368	
pos:41	posRaw:47	motorPos:526	target:833	
pos:46	posRaw:46	motorPos:533	target:922	
pos:49	posRaw:56	motorPos:541	target:976	
pos:55	posRaw:55	motorPos:551	target:1083	
pos:58	posRaw:61	motorPos:560	target:1137	
pos:64	posRaw:66	motorPos:570	target:1244	
pos:69	posRaw:70	motorPos:579	target:1333	
pos:73	posRaw:76	motorPos:589	target:1405	
pos:77	posRaw:77	motorPos:607	target:1476	
pos:79	posRaw:80	motorPos:626	target:1512	
pos:81	posRaw:83	motorPos:645	target:1548	
pos:83	posRaw:85	motorPos:663	target:1584	
pos:85	posRaw:84	motorPos:682	target:1619	
pos:87	posRaw:88	motorPos:701	target:1655	
pos:89	posRaw:91	motorPos:719	target:1691	
pos:91	posRaw:90	motorPos:738	target:1727	
pos:92	posRaw:91	motorPos:757	target:1744	
pos:92	posRaw:92	motorPos:776	target:1744	
pos:93	posRaw:92	motorPos:794	target:1762	
pos:93	posRaw:92	motorPos:813	target:1762	
pos:93	posRaw:94	motorPos:832	target:1762	
pos:93	posRaw:92	motorPos:851	target:1762	
pos:93	posRaw:92	motorPos:870	target:1762	
pos:93	posRaw:93	motorPos:889	target:1762	
pos:93	posRaw:94	motorPos:908	target:1762	
pos:93	posRaw:93	motorPos:927	target:1762	
pos:93	posRaw:92	motorPos:946	target:1762	
pos:93	posRaw:93	motorPos:965	target:1762	
pos:93	posRaw:95	motorPos:983	target:1762	
pos:93	posRaw:93	motorPos:1002	target:1762	
pos:93	posRaw:94	motorPos:1021	target:1762	
pos:93	posRaw:94	motorPos:1039	target:1762	
pos:93	posRaw:93	motorPos:1057	target:1762	
pos:93	posRaw:92	motorPos:1076	target:1762	
pos:92	posRaw:92	motorPos:1095	target:1744	
pos:93	posRaw:91	motorPos:1113	target:1762	
pos:92	posRaw:94	motorPos:1131	target:1744	
pos:93	posRaw:94	motorPos:1150	target:1762	
pos:92	posRaw:94	motorPos:1168	target:1744	
pos:93	posRaw:93	motorPos:1187	target:1762	
pos:92	posRaw:90	motorPos:1205	target:1744	
pos:92	posRaw:93	motorPos:1224	target:1744	
pos:92	posRaw:89	motorPos:1242	target:1744	
pos:91	posRaw:94	motorPos:1261	target:1727	
pos:91	posRaw:91	motorPos:1280	target:1727	
pos:91	posRaw:90	motorPos:1299	target:1727	
pos:92	posRaw:91	motorPos:1318	target:1744	
pos:92	posRaw:92	motorPos:1337	target:1744	
pos:91	posRaw:90	motorPos:1356	target:1727	
pos:90	posRaw:90	motorPos:1374	target:1709	
pos:90	posRaw:91	motorPos:1393	target:1709	
pos:89	posRaw:89	motorPos:1412	target:1691	
pos:89	posRaw:89	motorPos:1431	target:1691	
pos:88	posRaw:87	motorPos:1449	target:1673	
pos:88	posRaw:87	motorPos:1467	target:1673	
pos:88	posRaw:89	motorPos:1486	target:1673	
pos:88	posRaw:89	motorPos:1505	target:1673	
pos:88	posRaw:88	motorPos:1523	target:1673	
pos:89	posRaw:88	motorPos:1542	target:1691	
pos:89	posRaw:88	motorPos:1561	target:1691	
pos:87	posRaw:87	motorPos:1579	target:1655	
pos:88	posRaw:88	motorPos:1598	target:1673	
pos:88	posRaw:90	motorPos:1616	target:1673	
pos:88	posRaw:87	motorPos:1635	target:1673	
pos:87	posRaw:87	motorPos:1641	target:1655	
pos:85	posRaw:85	motorPos:1640	target:1619	
pos:86	posRaw:86	motorPos:1639	target:1637	
pos:85	posRaw:85	motorPos:1636	target:1619	
pos:86	posRaw:86	motorPos:1635	target:1637	
pos:85	posRaw:85	motorPos:1634	target:1619	
pos:86	posRaw:87	motorPos:1634	target:1637	
pos:87	posRaw:86	motorPos:1638	target:1655	
pos:86	posRaw:86	motorPos:1639	target:1637	
pos:86	posRaw:86	motorPos:1639	target:1637	
pos:86	posRaw:87	motorPos:1637	target:1637	
pos:86	posRaw:86	motorPos:1640	target:1637	
pos:86	posRaw:86	motorPos:1640	target:1637	
pos:87	posRaw:88	motorPos:1640	target:1655	
pos:87	posRaw:86	motorPos:1640	target:1655	
pos:86	posRaw:86	motorPos:1640	target:1637	
pos:87	posRaw:88	motorPos:1640	target:1655	
pos:88	posRaw:85	motorPos:1645	target:1673	
pos:85	posRaw:85	motorPos:1643	target:1619	
pos:87	posRaw:87	motorPos:1643	target:1655	
pos:86	posRaw:86	motorPos:1643	target:1637	
pos:87	posRaw:88	motorPos:1643	target:1655	
pos:87	posRaw:87	motorPos:1643	target:1655	
pos:87	posRaw:87	motorPos:1645	target:1655	
pos:86	posRaw:87	motorPos:1645	target:1637	
pos:88	posRaw:87	motorPos:1648	target:1673	
pos:87	posRaw:86	motorPos:1651	target:1655	
pos:87	posRaw:86	motorPos:1651	target:1655	
pos:86	posRaw:86	motorPos:1651	target:1637	
pos:86	posRaw:86	motorPos:1651	target:1637	
pos:87	posRaw:87	motorPos:1651	target:1655	
pos:87	posRaw:87	motorPos:1651	target:1655	
pos:87	posRaw:87	motorPos:1651	target:1655	
pos:87	posRaw:87	motorPos:1651	target:1655	
pos:87	posRaw:86	motorPos:1651	target:1655	
pos:87	posRaw:87	motorPos:1651	target:1655	
